<?xml version="1.0" encoding="UTF-8"?>
<!-- Generated by org.testng.reporters.JUnitXMLReporter -->
<testsuite hostname="Dell" ignored="2" name="GroupRun" tests="2" failures="0" timestamp="23 Jun 2018 12:34:36 GMT" time="64.723" errors="0">
  <testcase name="createLead" time="18.352" classname="tests.CreateLead"/>
  <testcase name="editLead" time="26.421" classname="tests.EditLead"/>
  <testcase name="mergeLeads" time="0.0" classname="tests.MergeLeads">
    <ignored/>
  </testcase> <!-- mergeLeads -->
  <testcase name="deleteLead" time="0.0" classname="tests.DeleteLead">
    <ignored/>
  </testcase> <!-- deleteLead -->
</testsuite> <!-- GroupRun -->
